SF:lib/src/models/task.dart
DA:5,4
DA:32,2
DA:40,2
DA:41,2
DA:42,1
DA:43,2
DA:44,2
DA:45,2
DA:46,1
DA:50,1
DA:51,1
DA:52,1
DA:53,1
DA:54,1
DA:55,1
DA:56,1
DA:57,1
DA:61,1
DA:62,1
DA:63,1
DA:64,1
DA:65,1
DA:66,1
DA:67,1
DA:68,1
DA:72,0
DA:74,0
DA:75,0
LF:28
LH:25
end_of_record
SF:lib/src/models/break.dart
DA:5,6
DA:13,2
DA:14,2
DA:15,1
DA:16,0
DA:20,1
DA:21,3
DA:24,1
DA:25,1
DA:26,1
DA:27,1
DA:31,0
DA:33,0
DA:34,0
LF:14
LH:10
end_of_record
SF:lib/src/models/routine_settings.dart
DA:5,6
DA:21,1
DA:26,1
DA:27,1
DA:29,0
DA:30,0
DA:34,1
DA:35,1
DA:36,1
DA:37,1
DA:38,1
DA:42,1
DA:43,1
DA:44,1
DA:45,1
DA:46,1
DA:50,0
DA:52,0
DA:53,0
LF:19
LH:14
end_of_record
SF:lib/src/models/routine_state.dart
DA:9,6
DA:33,4
DA:40,4
DA:41,3
DA:42,3
DA:43,4
DA:44,2
DA:45,3
DA:49,1
DA:50,1
DA:51,5
DA:52,5
DA:53,2
DA:54,1
DA:55,1
DA:59,1
DA:60,1
DA:61,1
DA:62,3
DA:63,1
DA:64,1
DA:65,3
DA:66,1
DA:67,1
DA:68,1
DA:70,1
DA:71,1
DA:75,0
DA:77,0
DA:78,0
LF:30
LH:27
end_of_record
SF:lib/src/screens/task_management_screen.dart
DA:10,1
DA:12,3
DA:14,9
DA:15,3
DA:16,3
DA:17,3
DA:18,3
DA:19,3
DA:20,3
DA:21,3
DA:23,3
DA:25,3
DA:31,3
DA:33,3
DA:34,3
DA:44,3
DA:45,0
DA:46,0
DA:63,0
DA:73,1
DA:75,3
DA:77,3
DA:78,3
DA:79,3
DA:80,3
DA:83,3
DA:88,3
DA:90,3
DA:92,3
DA:94,6
DA:95,0
DA:97,0
DA:98,0
DA:99,0
DA:103,3
DA:104,6
DA:105,6
DA:106,3
DA:108,3
DA:109,9
DA:114,3
DA:115,3
DA:116,1
DA:117,3
DA:118,3
DA:120,3
DA:121,3
DA:122,3
DA:124,6
DA:125,9
DA:130,6
DA:131,6
DA:132,3
DA:137,3
DA:138,3
DA:139,6
DA:141,3
DA:142,3
DA:144,3
DA:145,3
DA:146,3
DA:147,9
DA:154,3
DA:155,3
DA:156,3
DA:158,9
DA:159,6
DA:165,3
DA:167,3
DA:169,6
DA:187,3
DA:188,9
DA:189,3
DA:192,12
DA:193,9
DA:195,12
DA:197,12
DA:198,6
DA:199,3
DA:200,6
DA:207,3
DA:208,9
DA:209,9
DA:210,3
DA:213,3
DA:214,6
DA:215,3
DA:220,3
DA:223,3
DA:225,3
DA:226,3
DA:228,3
DA:229,6
DA:230,3
DA:232,3
DA:233,3
DA:234,9
DA:235,6
DA:244,1
DA:246,3
DA:248,3
DA:258,3
DA:260,6
DA:261,3
DA:264,3
DA:266,3
DA:267,3
DA:268,3
DA:274,12
DA:275,9
DA:279,3
DA:280,12
DA:281,3
DA:282,9
DA:283,3
DA:287,3
DA:289,3
DA:291,3
DA:292,3
DA:295,3
DA:303,3
DA:307,3
DA:309,3
DA:310,3
DA:312,3
DA:314,3
DA:315,3
DA:317,9
DA:323,3
DA:324,0
DA:325,3
DA:326,3
DA:331,3
DA:332,3
DA:333,3
DA:334,3
DA:336,3
DA:337,3
DA:339,6
DA:342,3
DA:343,3
DA:344,3
DA:345,3
DA:346,6
DA:350,9
DA:351,6
DA:358,9
DA:365,3
DA:368,6
DA:369,0
DA:370,0
DA:375,3
DA:376,0
DA:377,3
DA:378,3
DA:383,3
DA:384,3
DA:385,3
DA:386,3
DA:388,3
DA:389,3
DA:391,6
DA:394,3
DA:395,3
DA:396,6
DA:398,9
DA:399,6
DA:406,3
DA:408,6
DA:420,3
DA:425,3
DA:427,3
DA:428,3
DA:430,3
DA:432,3
DA:433,3
DA:435,9
DA:441,3
DA:442,3
DA:447,0
DA:448,0
DA:449,0
DA:455,3
DA:456,0
DA:457,3
DA:458,3
DA:464,3
DA:465,6
DA:466,6
DA:472,3
DA:473,3
DA:474,3
DA:475,3
DA:476,0
DA:482,3
DA:483,3
DA:484,9
DA:485,0
DA:489,3
DA:490,6
DA:502,0
DA:506,0
DA:507,0
DA:510,0
DA:515,0
DA:517,0
DA:518,0
DA:519,0
DA:520,0
DA:521,0
DA:522,0
DA:523,0
DA:526,0
DA:527,0
DA:531,0
DA:535,0
DA:539,0
DA:540,0
DA:541,0
DA:543,0
DA:550,0
DA:553,0
DA:555,0
DA:561,0
DA:566,0
DA:570,0
DA:575,0
DA:579,0
DA:582,0
DA:588,0
DA:589,0
DA:593,0
DA:595,0
DA:596,0
DA:600,0
DA:605,0
DA:606,0
DA:607,0
DA:609,0
DA:616,0
DA:619,0
DA:621,0
DA:627,0
DA:630,0
DA:631,0
DA:636,0
DA:637,0
DA:639,0
DA:644,0
DA:648,0
DA:649,0
DA:656,0
DA:658,0
DA:661,0
DA:662,0
DA:663,0
DA:666,0
DA:667,0
DA:674,0
DA:676,0
DA:678,0
DA:684,0
DA:693,0
DA:695,0
DA:696,0
DA:697,0
DA:698,0
DA:699,0
DA:700,0
DA:702,0
DA:704,0
DA:705,0
DA:707,0
DA:709,0
DA:710,0
DA:711,0
DA:713,0
DA:714,0
DA:715,0
DA:719,0
DA:722,0
DA:723,0
DA:724,0
DA:726,0
DA:728,0
DA:729,0
DA:730,0
DA:732,0
DA:736,0
DA:738,0
DA:739,0
DA:740,0
DA:748,0
DA:750,0
DA:754,0
DA:755,0
DA:756,0
DA:758,0
DA:759,0
DA:760,0
DA:764,0
DA:767,0
DA:768,0
DA:769,0
DA:771,0
DA:773,0
DA:774,0
DA:775,0
DA:777,0
DA:781,0
DA:783,0
DA:784,0
DA:785,0
DA:797,0
DA:798,0
DA:799,0
DA:802,0
DA:803,0
DA:804,0
DA:805,0
DA:817,3
DA:818,9
DA:819,9
DA:820,3
DA:823,3
DA:824,3
DA:825,6
DA:827,3
DA:828,0
DA:830,3
DA:836,1
DA:838,3
DA:840,3
DA:841,3
DA:842,3
DA:843,3
DA:848,3
DA:849,3
DA:851,3
DA:853,3
DA:854,6
DA:855,3
DA:856,3
DA:857,3
DA:863,3
DA:864,3
DA:865,3
DA:866,3
DA:869,3
DA:870,3
DA:872,9
DA:873,6
DA:877,3
DA:878,3
DA:879,9
DA:881,6
DA:887,3
DA:888,3
DA:891,3
DA:892,3
DA:894,9
DA:895,6
DA:899,3
DA:900,3
DA:901,9
DA:903,6
DA:910,3
DA:911,2
DA:914,3
DA:915,6
DA:916,6
DA:930,3
DA:932,6
DA:933,6
DA:935,3
DA:936,9
DA:937,3
DA:938,6
DA:945,3
DA:946,3
DA:947,6
DA:949,3
DA:950,6
DA:953,3
DA:954,9
DA:955,9
DA:956,3
DA:959,3
DA:960,3
DA:961,6
DA:962,3
DA:963,1
DA:965,3
DA:968,1
DA:969,1
DA:971,2
DA:972,1
DA:980,1
DA:982,1
DA:983,1
DA:992,1
DA:994,2
DA:995,1
DA:998,1
DA:999,2
DA:1000,3
DA:1002,1
DA:1003,1
DA:1010,0
DA:1011,0
DA:1012,0
DA:1017,1
DA:1026,1
DA:1028,1
DA:1029,1
DA:1030,1
DA:1031,1
DA:1032,1
DA:1033,1
DA:1035,1
DA:1037,1
DA:1038,1
DA:1040,1
DA:1042,1
DA:1043,1
DA:1044,1
DA:1046,0
DA:1047,0
DA:1048,0
DA:1052,1
DA:1055,1
DA:1056,1
DA:1057,3
DA:1059,1
DA:1061,1
DA:1062,2
DA:1063,1
DA:1065,2
DA:1069,1
DA:1071,0
DA:1072,0
DA:1073,0
DA:1081,1
DA:1083,3
DA:1087,1
DA:1088,1
DA:1089,1
DA:1091,0
DA:1092,0
DA:1093,0
DA:1097,1
DA:1100,1
DA:1101,1
DA:1102,3
DA:1104,1
DA:1106,1
DA:1107,2
DA:1108,1
DA:1110,2
DA:1114,1
DA:1116,0
DA:1117,0
DA:1118,0
DA:1130,1
DA:1131,1
DA:1132,0
DA:1135,1
DA:1136,0
DA:1137,0
DA:1138,0
DA:1150,1
DA:1151,2
DA:1152,3
DA:1153,2
DA:1156,1
DA:1157,0
DA:1158,1
DA:1159,0
DA:1161,1
DA:1165,1
DA:1167,1
DA:1168,1
DA:1170,1
DA:1171,1
DA:1172,1
DA:1174,1
DA:1175,1
DA:1176,1
DA:1184,1
DA:1185,2
DA:1192,1
DA:1193,1
DA:1194,1
DA:1195,1
DA:1196,1
DA:1199,1
DA:1202,1
DA:1203,1
DA:1204,2
DA:1211,1
DA:1212,1
DA:1213,3
DA:1216,1
DA:1217,1
DA:1218,3
DA:1220,2
DA:1221,0
DA:1222,0
DA:1227,3
DA:1229,2
DA:1230,2
DA:1232,2
DA:1235,1
DA:1236,2
DA:1237,2
LF:515
LH:354
end_of_record
SF:lib/src/bloc/routine_events.dart
DA:4,3
DA:6,0
DA:7,0
DA:11,1
DA:15,1
DA:18,0
DA:19,0
DA:23,0
DA:27,0
DA:28,0
DA:32,0
DA:35,0
DA:36,0
DA:40,1
DA:43,0
DA:44,0
DA:48,0
DA:51,0
DA:52,0
DA:56,0
DA:60,1
DA:64,0
DA:65,0
DA:69,0
DA:72,0
DA:73,0
DA:77,0
DA:80,0
DA:81,0
DA:85,1
DA:89,0
DA:90,0
LF:32
LH:6
end_of_record
SF:lib/src/bloc/routine_bloc.dart
DA:15,12
DA:16,8
DA:17,8
DA:18,8
DA:19,8
DA:20,8
DA:21,8
DA:22,8
DA:23,8
DA:24,8
DA:25,8
DA:26,8
DA:29,4
DA:30,12
DA:33,4
DA:60,4
DA:61,8
DA:63,4
DA:66,4
DA:67,8
DA:68,8
DA:69,8
DA:72,4
DA:80,12
DA:83,2
DA:84,2
DA:85,4
DA:86,8
DA:91,1
DA:92,2
DA:95,2
DA:96,2
DA:97,2
DA:100,1
DA:101,3
DA:102,3
DA:105,4
DA:108,1
DA:112,2
DA:113,1
DA:115,6
DA:117,2
DA:118,2
DA:119,4
DA:121,4
DA:124,1
DA:125,2
DA:127,5
DA:130,1
DA:131,2
DA:134,2
DA:135,2
DA:136,3
DA:138,1
DA:141,3
DA:143,2
DA:145,1
DA:146,2
DA:147,1
DA:152,1
DA:156,2
DA:158,3
DA:160,3
DA:162,4
DA:165,1
DA:166,2
DA:168,6
DA:170,2
DA:171,3
DA:173,4
DA:176,1
DA:177,2
DA:179,6
DA:181,3
DA:182,1
DA:183,4
DA:184,2
DA:187,2
DA:188,3
DA:191,1
DA:192,3
DA:193,3
DA:197,1
DA:198,5
DA:199,2
DA:200,2
DA:201,3
DA:204,1
DA:205,2
DA:206,1
DA:211,1
DA:212,2
DA:214,6
DA:215,3
DA:217,2
DA:218,2
DA:221,1
DA:222,3
DA:223,3
DA:227,1
DA:228,5
DA:229,2
DA:230,2
DA:234,1
DA:235,2
DA:236,2
DA:237,2
DA:238,1
DA:241,1
DA:242,2
DA:243,1
DA:252,2
DA:253,4
DA:257,4
DA:258,6
DA:259,4
DA:261,2
DA:263,2
DA:264,2
DA:268,6
DA:271,2
DA:272,6
DA:273,4
DA:274,2
DA:275,2
DA:276,4
DA:277,4
DA:282,2
DA:283,4
DA:284,2
LF:130
LH:130
end_of_record
SF:lib/src/bloc/routine_state_bloc.dart
DA:4,4
DA:14,4
DA:16,4
DA:21,4
DA:22,3
DA:23,4
DA:28,4
DA:29,16
LF:8
LH:8
end_of_record
SF:lib/src/app_theme.dart
DA:5,0
DA:12,2
DA:13,2
DA:14,2
DA:17,2
DA:22,2
DA:23,4
DA:24,6
DA:26,2
DA:28,6
DA:31,6
DA:39,1
DA:40,1
DA:41,1
DA:44,1
LF:15
LH:14
end_of_record
SF:lib/src/router/app_router.dart
DA:14,1
DA:15,1
DA:16,1
DA:17,2
DA:18,1
DA:19,2
DA:20,1
DA:21,2
DA:23,0
DA:24,0
LF:10
LH:8
end_of_record
SF:lib/src/screens/pre_start_screen.dart
DA:5,1
DA:7,1
DA:9,1
DA:11,1
DA:12,1
DA:13,1
DA:15,1
DA:33,1
DA:39,1
DA:43,1
DA:45,1
DA:48,3
DA:49,1
LF:13
LH:13
end_of_record
SF:lib/src/screens/main_routine_screen.dart
DA:6,1
DA:8,1
DA:10,1
DA:12,1
DA:13,1
DA:14,1
DA:16,1
DA:17,1
DA:19,1
DA:21,3
DA:38,1
DA:40,1
DA:42,1
DA:43,0
DA:44,0
DA:58,0
LF:16
LH:13
end_of_record
SF:lib/main.dart
DA:10,0
DA:11,0
DA:16,0
DA:21,0
DA:30,0
DA:34,1
DA:36,1
DA:38,1
DA:39,1
DA:40,3
DA:41,1
DA:43,1
DA:44,1
DA:46,1
LF:14
LH:9
end_of_record
SF:lib/src/utils/simple_bloc_observer.dart
DA:5,1
DA:7,0
DA:9,0
DA:11,0
DA:14,0
DA:16,0
DA:18,0
DA:21,0
DA:24,0
DA:25,0
LF:10
LH:1
end_of_record
